\BOOKMARK [1][-]{section.1}{Introduction}{}% 1
\BOOKMARK [2][-]{subsection.1.1}{Length of Papers}{section.1}% 2
\BOOKMARK [2][-]{subsection.1.2}{Word Processing Software}{section.1}% 3
\BOOKMARK [1][-]{section.2}{Style and Format}{}% 4
\BOOKMARK [2][-]{subsection.2.1}{Layout}{section.2}% 5
\BOOKMARK [2][-]{subsection.2.2}{Format of Electronic Manuscript}{section.2}% 6
\BOOKMARK [2][-]{subsection.2.3}{Papers Submitted for Review vs. Camera-ready Papers}{section.2}% 7
\BOOKMARK [3][-]{section*.1}{Anonymity}{subsection.2.3}% 8
\BOOKMARK [3][-]{section*.2}{Submissions}{subsection.2.3}% 9
\BOOKMARK [3][-]{section*.3}{Camera-Ready Papers}{subsection.2.3}% 10
\BOOKMARK [2][-]{subsection.2.4}{Title and Author Information}{section.2}% 11
\BOOKMARK [3][-]{section*.4}{Author Names}{subsection.2.4}% 12
\BOOKMARK [3][-]{section*.5}{Affiliations}{subsection.2.4}% 13
\BOOKMARK [3][-]{section*.6}{Mapping Authors to Affiliations}{subsection.2.4}% 14
\BOOKMARK [3][-]{section*.7}{Emails}{subsection.2.4}% 15
\BOOKMARK [3][-]{section*.8}{Modifications for Blind Review}{subsection.2.4}% 16
\BOOKMARK [2][-]{subsection.2.5}{Abstract}{section.2}% 17
\BOOKMARK [2][-]{subsection.2.6}{Text}{section.2}% 18
\BOOKMARK [2][-]{subsection.2.7}{Headings and Sections}{section.2}% 19
\BOOKMARK [3][-]{section*.9}{Section Headings}{subsection.2.7}% 20
\BOOKMARK [3][-]{section*.10}{Subsection Headings}{subsection.2.7}% 21
\BOOKMARK [3][-]{section*.11}{Subsubsection Headings}{subsection.2.7}% 22
\BOOKMARK [2][-]{subsection.2.8}{Special Sections}{section.2}% 23
\BOOKMARK [3][-]{section*.13}{Appendices}{subsection.2.8}% 24
\BOOKMARK [3][-]{section*.14}{Ethical Statement}{subsection.2.8}% 25
\BOOKMARK [3][-]{section*.15}{Acknowledgements}{subsection.2.8}% 26
\BOOKMARK [3][-]{section*.16}{Contribution Statement}{subsection.2.8}% 27
\BOOKMARK [3][-]{section*.17}{References}{subsection.2.8}% 28
\BOOKMARK [3][-]{section*.18}{Order of Sections}{subsection.2.8}% 29
\BOOKMARK [2][-]{subsection.2.9}{Citations}{section.2}% 30
\BOOKMARK [2][-]{subsection.2.10}{Footnotes}{section.2}% 31
\BOOKMARK [1][-]{section.3}{Illustrations}{}% 32
\BOOKMARK [1][-]{section.4}{Tables}{}% 33
\BOOKMARK [1][-]{section.5}{Formulas}{}% 34
\BOOKMARK [1][-]{section.6}{Examples, Definitions, Theorems and Similar}{}% 35
\BOOKMARK [1][-]{section.7}{Proofs}{}% 36
\BOOKMARK [1][-]{section.8}{Algorithms and Listings}{}% 37
\BOOKMARK [1][-]{section.9}{LaTeX and Word Style Files}{}% 38
